<?xml version="1.0" encoding="UTF-8"?>
<testsuite name="com.exposuretrackingsystem.app.data.local.RoutePersistenceTest" tests="6" skipped="0" failures="0" errors="0" timestamp="2026-09-18T07:25:43.522Z" hostname="codespaces-854142" time="0.067">
  <properties/>
  <testcase name="persistenceErrorCallbackCannotEscapePersistenceCoroutine" classname="com.exposuretrackingsystem.app.data.local.RoutePersistenceTest" time="0.051"/>
  <testcase name="loadsPersistedRouteAndAllRelatedRecords" classname="com.exposuretrackingsystem.app.data.local.RoutePersistenceTest" time="0.009"/>
  <testcase name="mapsCompletedRouteAndRelatedRecordsToEntities" classname="com.exposuretrackingsystem.app.data.local.RoutePersistenceTest" time="0.001"/>
  <testcase name="loadsRouteWithEmptyRelatedRecords" classname="com.exposuretrackingsystem.app.data.local.RoutePersistenceTest" time="0.001"/>
  <testcase name="persistenceFailureIsReportedWithoutThrowing" classname="com.exposuretrackingsystem.app.data.local.RoutePersistenceTest" time="0.001"/>
  <testcase name="missingRouteReturnsNull" classname="com.exposuretrackingsystem.app.data.local.RoutePersistenceTest" time="0.0"/>
  <system-out><![CDATA[]]></system-out>
  <system-err><![CDATA[]]></system-err>
</testsuite>
