<?xml version="1.0" encoding="UTF-8"?>
<testsuite name="com.exposuretrackingsystem.app.data.analysis.TransportFeatureExtractorTest" tests="5" skipped="0" failures="0" errors="0" timestamp="2026-09-18T07:25:43.494Z" hostname="codespaces-854142" time="0.022">
  <properties/>
  <testcase name="emptyWindowProducesSafeNullableFeatures" classname="com.exposuretrackingsystem.app.data.analysis.TransportFeatureExtractorTest" time="0.016"/>
  <testcase name="reportsGpsGapOverSixtySecondsWithoutFilteringPoints" classname="com.exposuretrackingsystem.app.data.analysis.TransportFeatureExtractorTest" time="0.003"/>
  <testcase name="extractsDeterministicGpsAndSegmentFeatures" classname="com.exposuretrackingsystem.app.data.analysis.TransportFeatureExtractorTest" time="0.001"/>
  <testcase name="extractsSensorMagnitudeAndPressureFeatures" classname="com.exposuretrackingsystem.app.data.analysis.TransportFeatureExtractorTest" time="0.001"/>
  <testcase name="missingSensorValuesRemainNullable" classname="com.exposuretrackingsystem.app.data.analysis.TransportFeatureExtractorTest" time="0.0"/>
  <system-out><![CDATA[]]></system-out>
  <system-err><![CDATA[]]></system-err>
</testsuite>
